{
  "stats": {
    "suites": 1,
    "tests": 1,
    "passes": 1,
    "pending": 0,
    "failures": 0,
    "start": "2023-04-10T10:22:38.920Z",
    "end": "2023-04-10T10:22:45.214Z",
    "duration": 6294,
    "testsRegistered": 1,
    "passPercent": 100,
    "pendingPercent": 0,
    "other": 0,
    "hasOther": false,
    "skipped": 0,
    "hasSkipped": false
  },
  "results": [
    {
      "uuid": "1776da07-a7dd-4603-bf93-fa594eca8d93",
      "title": "",
      "fullFile": "cypress\\e2e\\com.sancak\\day06\\hook.cy.js",
      "file": "cypress\\e2e\\com.sancak\\day06\\hook.cy.js",
      "beforeHooks": [],
      "afterHooks": [],
      "tests": [],
      "suites": [
        {
          "uuid": "33f656d2-c776-47ef-9f5c-b10ae7a6e314",
          "title": "Hooks",
          "fullFile": "",
          "file": "",
          "beforeHooks": [],
          "afterHooks": [],
          "tests": [
            {
              "title": "",
              "fullTitle": "Hooks ",
              "timedOut": null,
              "duration": 3394,
              "state": "passed",
              "speed": "fast",
              "pass": true,
              "fail": false,
              "pending": false,
              "context": null,
              "code": "cy.contains('Log in').click();",
              "err": {},
              "uuid": "74bfa59b-4825-4341-8071-1c1f96619956",
              "parentUUID": "33f656d2-c776-47ef-9f5c-b10ae7a6e314",
              "isHook": false,
              "skipped": false
            }
          ],
          "suites": [],
          "passes": [
            "74bfa59b-4825-4341-8071-1c1f96619956"
          ],
          "failures": [],
          "pending": [],
          "skipped": [],
          "duration": 3394,
          "root": false,
          "rootEmpty": false,
          "_timeout": 2000
        }
      ],
      "passes": [],
      "failures": [],
      "pending": [],
      "skipped": [],
      "duration": 0,
      "root": true,
      "rootEmpty": true,
      "_timeout": 2000
    }
  ],
  "meta": {
    "mocha": {
      "version": "7.0.1"
    },
    "mochawesome": {
      "options": {
        "quiet": false,
        "reportFilename": "report",
        "saveHtml": true,
        "saveJson": true,
        "consoleReporter": "spec",
        "useInlineDiffs": false,
        "code": true
      },
      "version": "7.1.3"
    },
    "marge": {
      "options": {
        "reportDir": "cypress/reports",
        "reportFilename": "report",
        "overwrite": false,
        "html": true,
        "json": true,
        "charts": true
      },
      "version": "6.2.0"
    }
  }
}