{
  "stats": {
    "suites": 1,
    "tests": 1,
    "passes": 1,
    "pending": 0,
    "failures": 0,
    "start": "2023-04-10T10:21:16.874Z",
    "end": "2023-04-10T10:21:21.793Z",
    "duration": 4919,
    "testsRegistered": 1,
    "passPercent": 100,
    "pendingPercent": 0,
    "other": 0,
    "hasOther": false,
    "skipped": 0,
    "hasSkipped": false
  },
  "results": [
    {
      "uuid": "e650b190-37f4-4737-b4ee-722bb4456d5d",
      "title": "",
      "fullFile": "cypress\\e2e\\com.sancak\\day04\\day04_alerts..cy.js",
      "file": "cypress\\e2e\\com.sancak\\day04\\day04_alerts..cy.js",
      "beforeHooks": [],
      "afterHooks": [],
      "tests": [],
      "suites": [
        {
          "uuid": "4dc3df90-b667-4de2-a9a7-3ce1abec43b5",
          "title": "Alerts",
          "fullFile": "",
          "file": "",
          "beforeHooks": [],
          "afterHooks": [],
          "tests": [
            {
              "title": "Dismiss Alert",
              "fullTitle": "Alerts Dismiss Alert",
              "timedOut": null,
              "duration": 1936,
              "state": "passed",
              "speed": "fast",
              "pass": true,
              "fail": false,
              "pending": false,
              "context": null,
              "code": "cy.visit(site);\n// Dismiss Alert Test\n// Cypress otomatik olarak Tamam (OK) butonunu varsayılan olarak kabul ediyor\ncy.get(':nth-child(2) > button').click();\n// cypress otomatij olarak tamam butonuna tıkladı.\n// ama iptal butonunu seçmek istenirse \n// browser controlu için on() fonksiyonu kullanılır\n// on() -> JQuery bir fonksiyondur\ncy.on('window:confirm', str => {\n  return false;\n  // return true -> default olarak OK' düğmesini tıklayacaktır\n});\ncy.get('#result').should('have.text', \"You clicked: Cancel\");",
              "err": {},
              "uuid": "ec785e07-9aa1-4549-ad2d-ba3cb0e93f8d",
              "parentUUID": "4dc3df90-b667-4de2-a9a7-3ce1abec43b5",
              "isHook": false,
              "skipped": false
            }
          ],
          "suites": [],
          "passes": [
            "ec785e07-9aa1-4549-ad2d-ba3cb0e93f8d"
          ],
          "failures": [],
          "pending": [],
          "skipped": [],
          "duration": 1936,
          "root": false,
          "rootEmpty": false,
          "_timeout": 2000
        }
      ],
      "passes": [],
      "failures": [],
      "pending": [],
      "skipped": [],
      "duration": 0,
      "root": true,
      "rootEmpty": true,
      "_timeout": 2000
    }
  ],
  "meta": {
    "mocha": {
      "version": "7.0.1"
    },
    "mochawesome": {
      "options": {
        "quiet": false,
        "reportFilename": "report",
        "saveHtml": true,
        "saveJson": true,
        "consoleReporter": "spec",
        "useInlineDiffs": false,
        "code": true
      },
      "version": "7.1.3"
    },
    "marge": {
      "options": {
        "reportDir": "cypress/reports",
        "reportFilename": "report",
        "overwrite": false,
        "html": true,
        "json": true,
        "charts": true
      },
      "version": "6.2.0"
    }
  }
}