{
  "stats": {
    "suites": 1,
    "tests": 1,
    "passes": 1,
    "pending": 0,
    "failures": 0,
    "start": "2023-04-10T10:21:39.295Z",
    "end": "2023-04-10T10:21:42.807Z",
    "duration": 3512,
    "testsRegistered": 1,
    "passPercent": 100,
    "pendingPercent": 0,
    "other": 0,
    "hasOther": false,
    "skipped": 0,
    "hasSkipped": false
  },
  "results": [
    {
      "uuid": "6a94a012-4ab6-4903-8d0b-a240e0dd2778",
      "title": "",
      "fullFile": "cypress\\e2e\\com.sancak\\day04\\day04_multiple_windows.cy.js",
      "file": "cypress\\e2e\\com.sancak\\day04\\day04_multiple_windows.cy.js",
      "beforeHooks": [],
      "afterHooks": [],
      "tests": [],
      "suites": [
        {
          "uuid": "fb6b4e56-b1b9-4f50-b822-f5b05644a0f9",
          "title": "Multiple Windows",
          "fullFile": "",
          "file": "",
          "beforeHooks": [],
          "afterHooks": [],
          "tests": [
            {
              "title": "Yeni URL'de açma",
              "fullTitle": "Multiple Windows Yeni URL'de açma",
              "timedOut": null,
              "duration": 1661,
              "state": "passed",
              "speed": "fast",
              "pass": true,
              "fail": false,
              "pending": false,
              "context": null,
              "code": "cy.visit(site);\n// prop : JQuery'deki attribute alan bir method\n// prop : ile HREF değeri\ncy.get('.example > a').then(element => {\n  const newURL = element.prop('href');\n  cy.visit(newURL);\n});",
              "err": {},
              "uuid": "4ea24e8d-7526-4cea-b071-f03c5747947b",
              "parentUUID": "fb6b4e56-b1b9-4f50-b822-f5b05644a0f9",
              "isHook": false,
              "skipped": false
            }
          ],
          "suites": [],
          "passes": [
            "4ea24e8d-7526-4cea-b071-f03c5747947b"
          ],
          "failures": [],
          "pending": [],
          "skipped": [],
          "duration": 1661,
          "root": false,
          "rootEmpty": false,
          "_timeout": 2000
        }
      ],
      "passes": [],
      "failures": [],
      "pending": [],
      "skipped": [],
      "duration": 0,
      "root": true,
      "rootEmpty": true,
      "_timeout": 2000
    }
  ],
  "meta": {
    "mocha": {
      "version": "7.0.1"
    },
    "mochawesome": {
      "options": {
        "quiet": false,
        "reportFilename": "report",
        "saveHtml": true,
        "saveJson": true,
        "consoleReporter": "spec",
        "useInlineDiffs": false,
        "code": true
      },
      "version": "7.1.3"
    },
    "marge": {
      "options": {
        "reportDir": "cypress/reports",
        "reportFilename": "report",
        "overwrite": false,
        "html": true,
        "json": true,
        "charts": true
      },
      "version": "6.2.0"
    }
  }
}