{
  "stats": {
    "suites": 1,
    "tests": 1,
    "passes": 1,
    "pending": 0,
    "failures": 0,
    "start": "2023-04-10T10:21:31.618Z",
    "end": "2023-04-10T10:21:37.449Z",
    "duration": 5831,
    "testsRegistered": 1,
    "passPercent": 100,
    "pendingPercent": 0,
    "other": 0,
    "hasOther": false,
    "skipped": 0,
    "hasSkipped": false
  },
  "results": [
    {
      "uuid": "9e17399f-4351-472f-ad61-08053ee86590",
      "title": "",
      "fullFile": "cypress\\e2e\\com.sancak\\day04\\day04_iframe.cy.js",
      "file": "cypress\\e2e\\com.sancak\\day04\\day04_iframe.cy.js",
      "beforeHooks": [],
      "afterHooks": [],
      "tests": [],
      "suites": [
        {
          "uuid": "86602826-414a-48c2-b617-20093a6812b7",
          "title": "Iframe",
          "fullFile": "",
          "file": "",
          "beforeHooks": [],
          "afterHooks": [],
          "tests": [
            {
              "title": "Iframe Test 1",
              "fullTitle": "Iframe Iframe Test 1",
              "timedOut": null,
              "duration": 3868,
              "state": "passed",
              "speed": "fast",
              "pass": true,
              "fail": false,
              "pending": false,
              "context": null,
              "code": "cy.visit(site);\n// assert \ncy.get('h3').should('contain', 'WYSIWYG');\n// iframe ID sinden yüklemesi yapıldı\ncy.frameLoaded('#mce_0_ifr');\n// iframe içindeki editörü içinde bulunan P tagını bulunması ve silinmesi. \ncy.iframe().find('p').clear();\ncy.iframe().find('p').type('Cypress is working');\n// aşağıdaki kodda sayfa yeni sekmede açıldığı için işlem yapmam artık mümkün değildir.\n//cy.get('.large-4 > div > a').should('contain','Elemental Selenium').click()",
              "err": {},
              "uuid": "8cb9195a-fb1c-4b6a-818f-8672a67678b2",
              "parentUUID": "86602826-414a-48c2-b617-20093a6812b7",
              "isHook": false,
              "skipped": false
            }
          ],
          "suites": [],
          "passes": [
            "8cb9195a-fb1c-4b6a-818f-8672a67678b2"
          ],
          "failures": [],
          "pending": [],
          "skipped": [],
          "duration": 3868,
          "root": false,
          "rootEmpty": false,
          "_timeout": 2000
        }
      ],
      "passes": [],
      "failures": [],
      "pending": [],
      "skipped": [],
      "duration": 0,
      "root": true,
      "rootEmpty": true,
      "_timeout": 2000
    }
  ],
  "meta": {
    "mocha": {
      "version": "7.0.1"
    },
    "mochawesome": {
      "options": {
        "quiet": false,
        "reportFilename": "report",
        "saveHtml": true,
        "saveJson": true,
        "consoleReporter": "spec",
        "useInlineDiffs": false,
        "code": true
      },
      "version": "7.1.3"
    },
    "marge": {
      "options": {
        "reportDir": "cypress/reports",
        "reportFilename": "report",
        "overwrite": false,
        "html": true,
        "json": true,
        "charts": true
      },
      "version": "6.2.0"
    }
  }
}