{
  "stats": {
    "suites": 1,
    "tests": 1,
    "passes": 0,
    "pending": 0,
    "failures": 1,
    "start": "2023-04-10T10:20:07.854Z",
    "end": "2023-04-10T10:20:13.173Z",
    "duration": 5319,
    "testsRegistered": 1,
    "passPercent": 0,
    "pendingPercent": 0,
    "other": 0,
    "hasOther": false,
    "skipped": 0,
    "hasSkipped": false
  },
  "results": [
    {
      "uuid": "21fe53f7-5558-445d-8807-786c5dc466d2",
      "title": "",
      "fullFile": "cypress\\e2e\\com.sancak\\day02\\day02_dropdown.cy.js",
      "file": "cypress\\e2e\\com.sancak\\day02\\day02_dropdown.cy.js",
      "beforeHooks": [],
      "afterHooks": [],
      "tests": [],
      "suites": [
        {
          "uuid": "aa964a60-02e3-408e-9912-28a84ff79805",
          "title": "Case 5 : Dropdown",
          "fullFile": "",
          "file": "",
          "beforeHooks": [],
          "afterHooks": [],
          "tests": [
            {
              "title": "Dropdown Test",
              "fullTitle": "Case 5 : Dropdown Dropdown Test",
              "timedOut": null,
              "duration": 2268,
              "state": "failed",
              "speed": null,
              "pass": false,
              "fail": true,
              "pending": false,
              "context": null,
              "code": "cy.visit('https://the-internet.herokuapp.com/dropdown');\ncy.get('#dropdown').select('Option 1').should('have-value', '1'); // Kontrol : Değeri 1 olmalı \ncy.wait(3000);\ncy.get('#dropdown').select('Option 2').should('have-value', '2'); // Kontrol : Değeri 2 olmalı",
              "err": {
                "message": "CypressError: The chainer `have-value` was not found. Could not build assertion.",
                "estack": "CypressError: The chainer `have-value` was not found. Could not build assertion.\n    at cypressErr (https://the-internet.herokuapp.com/__cypress/runner/cypress_runner.js:154824:18)\n    at Object.cypressErrByPath (https://the-internet.herokuapp.com/__cypress/runner/cypress_runner.js:154829:10)\n    at <unknown> (https://the-internet.herokuapp.com/__cypress/runner/cypress_runner.js:135344:86)\n    at arrayReduce (https://the-internet.herokuapp.com/__cypress/runner/cypress_runner.js:25789:21)\n    at Function.reduce (https://the-internet.herokuapp.com/__cypress/runner/cypress_runner.js:34841:14)\n    at applyChainers (https://the-internet.herokuapp.com/__cypress/runner/cypress_runner.js:135342:68)\n    at tryCatcher (https://the-internet.herokuapp.com/__cypress/runner/cypress_runner.js:8914:23)\n    at Promise.attempt.Promise.try (https://the-internet.herokuapp.com/__cypress/runner/cypress_runner.js:6188:29)\n    at Context.shouldFn (https://the-internet.herokuapp.com/__cypress/runner/cypress_runner.js:135368:63)\n    at Context.should (https://the-internet.herokuapp.com/__cypress/runner/cypress_runner.js:135385:23)\n    at <unknown> (https://the-internet.herokuapp.com/__cypress/runner/cypress_runner.js:130900:39)\n    at assertions (https://the-internet.herokuapp.com/__cypress/runner/cypress_runner.js:131149:16)\n    at tryCatcher (https://the-internet.herokuapp.com/__cypress/runner/cypress_runner.js:8914:23)\n    at Object.gotValue (https://the-internet.herokuapp.com/__cypress/runner/cypress_runner.js:8058:18)\n    at Object.gotAccum (https://the-internet.herokuapp.com/__cypress/runner/cypress_runner.js:8045:25)\n    at Object.tryCatcher (https://the-internet.herokuapp.com/__cypress/runner/cypress_runner.js:8914:23)\n    at Promise._settlePromiseFromHandler (https://the-internet.herokuapp.com/__cypress/runner/cypress_runner.js:6849:31)\n    at Promise._settlePromise (https://the-internet.herokuapp.com/__cypress/runner/cypress_runner.js:6906:18)\n    at Promise._settlePromiseCtx (https://the-internet.herokuapp.com/__cypress/runner/cypress_runner.js:6943:10)\n    at _drainQueueStep (https://the-internet.herokuapp.com/__cypress/runner/cypress_runner.js:3625:12)\n    at _drainQueue (https://the-internet.herokuapp.com/__cypress/runner/cypress_runner.js:3614:9)\n    at ../../node_modules/bluebird/js/release/async.js.Async._drainQueues (https://the-internet.herokuapp.com/__cypress/runner/cypress_runner.js:3630:5)\nFrom Your Spec Code:\n    at Context.eval (webpack:///./cypress/e2e/com.sancak/day02/day02_dropdown.cy.js:8:13)",
                "diff": null
              },
              "uuid": "96138899-85be-44a2-8180-99cddc99f635",
              "parentUUID": "aa964a60-02e3-408e-9912-28a84ff79805",
              "isHook": false,
              "skipped": false
            }
          ],
          "suites": [],
          "passes": [],
          "failures": [
            "96138899-85be-44a2-8180-99cddc99f635"
          ],
          "pending": [],
          "skipped": [],
          "duration": 2268,
          "root": false,
          "rootEmpty": false,
          "_timeout": 2000
        }
      ],
      "passes": [],
      "failures": [],
      "pending": [],
      "skipped": [],
      "duration": 0,
      "root": true,
      "rootEmpty": true,
      "_timeout": 2000
    }
  ],
  "meta": {
    "mocha": {
      "version": "7.0.1"
    },
    "mochawesome": {
      "options": {
        "quiet": false,
        "reportFilename": "report",
        "saveHtml": true,
        "saveJson": true,
        "consoleReporter": "spec",
        "useInlineDiffs": false,
        "code": true
      },
      "version": "7.1.3"
    },
    "marge": {
      "options": {
        "reportDir": "cypress/reports",
        "reportFilename": "report",
        "overwrite": false,
        "html": true,
        "json": true,
        "charts": true
      },
      "version": "6.2.0"
    }
  }
}