{
  "stats": {
    "suites": 1,
    "tests": 1,
    "passes": 1,
    "pending": 0,
    "failures": 0,
    "start": "2023-04-10T10:15:01.880Z",
    "end": "2023-04-10T10:15:07.302Z",
    "duration": 5422,
    "testsRegistered": 1,
    "passPercent": 100,
    "pendingPercent": 0,
    "other": 0,
    "hasOther": false,
    "skipped": 0,
    "hasSkipped": false
  },
  "results": [
    {
      "uuid": "82782442-b3cf-49aa-a6fe-bac9dd0caaf6",
      "title": "",
      "fullFile": "cypress\\e2e\\com.sancak\\day04\\day04_multiple_windows.cy.js",
      "file": "cypress\\e2e\\com.sancak\\day04\\day04_multiple_windows.cy.js",
      "beforeHooks": [],
      "afterHooks": [],
      "tests": [],
      "suites": [
        {
          "uuid": "b063da89-e169-4e0b-912e-10597cd825d0",
          "title": "Multiple Windows",
          "fullFile": "",
          "file": "",
          "beforeHooks": [],
          "afterHooks": [],
          "tests": [
            {
              "title": "Yeni URL'de açma",
              "fullTitle": "Multiple Windows Yeni URL'de açma",
              "timedOut": null,
              "duration": 2306,
              "state": "passed",
              "speed": "fast",
              "pass": true,
              "fail": false,
              "pending": false,
              "context": null,
              "code": "cy.visit(site);\n// prop : JQuery'deki attribute alan bir method\n// prop : ile HREF değeri\ncy.get('.example > a').then(element => {\n  const newURL = element.prop('href');\n  cy.visit(newURL);\n});",
              "err": {},
              "uuid": "fd8facbe-1b7a-437b-8272-a0435ed3c132",
              "parentUUID": "b063da89-e169-4e0b-912e-10597cd825d0",
              "isHook": false,
              "skipped": false
            }
          ],
          "suites": [],
          "passes": [
            "fd8facbe-1b7a-437b-8272-a0435ed3c132"
          ],
          "failures": [],
          "pending": [],
          "skipped": [],
          "duration": 2306,
          "root": false,
          "rootEmpty": false,
          "_timeout": 2000
        }
      ],
      "passes": [],
      "failures": [],
      "pending": [],
      "skipped": [],
      "duration": 0,
      "root": true,
      "rootEmpty": true,
      "_timeout": 2000
    }
  ],
  "meta": {
    "mocha": {
      "version": "7.0.1"
    },
    "mochawesome": {
      "options": {
        "quiet": false,
        "reportFilename": "report",
        "saveHtml": true,
        "saveJson": true,
        "consoleReporter": "spec",
        "useInlineDiffs": false,
        "code": true
      },
      "version": "7.1.3"
    },
    "marge": {
      "options": {
        "reportDir": "cypress/reports",
        "reportFilename": "report",
        "overwrite": false,
        "html": true,
        "json": true,
        "charts": true
      },
      "version": "6.2.0"
    }
  }
}