{
  "stats": {
    "suites": 1,
    "tests": 1,
    "passes": 1,
    "pending": 0,
    "failures": 0,
    "start": "2023-04-10T10:22:29.764Z",
    "end": "2023-04-10T10:22:36.753Z",
    "duration": 6989,
    "testsRegistered": 1,
    "passPercent": 100,
    "pendingPercent": 0,
    "other": 0,
    "hasOther": false,
    "skipped": 0,
    "hasSkipped": false
  },
  "results": [
    {
      "uuid": "60a2e37d-f355-4ada-ae6c-b846f8116860",
      "title": "",
      "fullFile": "cypress\\e2e\\com.sancak\\day05\\file_upload.cy.js",
      "file": "cypress\\e2e\\com.sancak\\day05\\file_upload.cy.js",
      "beforeHooks": [],
      "afterHooks": [],
      "tests": [],
      "suites": [
        {
          "uuid": "9cf07504-f495-499f-a566-3ce8339ba516",
          "title": "File Upload Test",
          "fullFile": "",
          "file": "",
          "beforeHooks": [],
          "afterHooks": [],
          "tests": [
            {
              "title": "Test-4 : Overrride File Name",
              "fullTitle": "File Upload Test Test-4 : Overrride File Name",
              "timedOut": null,
              "duration": 2697,
              "state": "passed",
              "speed": "fast",
              "pass": true,
              "fail": false,
              "pending": false,
              "context": null,
              "code": "cy.visit(site);\n//cy.get('#filesToUpload').attachFile(['1.jpg','2.jpg','3.jpg'])\nlet path1, pathYeni;\npath1 = '1.jpg';\npathYeni = 'DenemeImage01.jpg';\n// Dosyanın adını ve türünü değiştirebilirsiniz\ncy.get('#filesToUpload').attachFile({\n  filePath: path1,\n  fileName: pathYeni\n});\ncy.get('#fileList > li').should('have.text', pathYeni);\ncy.get('#fileList > li').should('has.text', pathYeni);\ncy.get('#fileList > li').should('include.text', pathYeni);\ncy.get('#fileList > li').contains(pathYeni).should('be.visible');\ncy.contains(pathYeni).should('be.visible');",
              "err": {},
              "uuid": "d52e1cf8-e853-4d89-a4ee-e03f879e3178",
              "parentUUID": "9cf07504-f495-499f-a566-3ce8339ba516",
              "isHook": false,
              "skipped": false
            }
          ],
          "suites": [],
          "passes": [
            "d52e1cf8-e853-4d89-a4ee-e03f879e3178"
          ],
          "failures": [],
          "pending": [],
          "skipped": [],
          "duration": 2697,
          "root": false,
          "rootEmpty": false,
          "_timeout": 2000
        }
      ],
      "passes": [],
      "failures": [],
      "pending": [],
      "skipped": [],
      "duration": 0,
      "root": true,
      "rootEmpty": true,
      "_timeout": 2000
    }
  ],
  "meta": {
    "mocha": {
      "version": "7.0.1"
    },
    "mochawesome": {
      "options": {
        "quiet": false,
        "reportFilename": "report",
        "saveHtml": true,
        "saveJson": true,
        "consoleReporter": "spec",
        "useInlineDiffs": false,
        "code": true
      },
      "version": "7.1.3"
    },
    "marge": {
      "options": {
        "reportDir": "cypress/reports",
        "reportFilename": "report",
        "overwrite": false,
        "html": true,
        "json": true,
        "charts": true
      },
      "version": "6.2.0"
    }
  }
}