{
  "stats": {
    "suites": 1,
    "tests": 1,
    "passes": 1,
    "pending": 0,
    "failures": 0,
    "start": "2023-04-10T10:21:44.712Z",
    "end": "2023-04-10T10:22:13.479Z",
    "duration": 28767,
    "testsRegistered": 1,
    "passPercent": 100,
    "pendingPercent": 0,
    "other": 0,
    "hasOther": false,
    "skipped": 0,
    "hasSkipped": false
  },
  "results": [
    {
      "uuid": "51e0c99e-0d54-4b39-ab17-157113270787",
      "title": "",
      "fullFile": "cypress\\e2e\\com.sancak\\day05\\amazon_search.cy.js",
      "file": "cypress\\e2e\\com.sancak\\day05\\amazon_search.cy.js",
      "beforeHooks": [],
      "afterHooks": [],
      "tests": [],
      "suites": [
        {
          "uuid": "bd7559f1-630c-4964-b867-14cb359c895a",
          "title": " Search",
          "fullFile": "",
          "file": "",
          "beforeHooks": [],
          "afterHooks": [],
          "tests": [
            {
              "title": "Search in Amazon with Command",
              "fullTitle": " Search Search in Amazon with Command",
              "timedOut": null,
              "duration": 25732,
              "state": "passed",
              "speed": "slow",
              "pass": true,
              "fail": false,
              "pending": false,
              "context": null,
              "code": "let product;\nproduct = 'dell';\ncy.searchInAmazon(product);\ncy.get('.a-color-state').should('have.text', '\"' + product + '\"');\nproduct = 'iphone';\ncy.searchInAmazon(product);\ncy.get('.a-color-state').should('include.text', '\"' + product + '\"');\nproduct = 'xbox';\ncy.searchInAmazon(product);\ncy.url().should('include', product);",
              "err": {},
              "uuid": "5a5fb79a-5200-4c92-8ab7-d61365d0ea5e",
              "parentUUID": "bd7559f1-630c-4964-b867-14cb359c895a",
              "isHook": false,
              "skipped": false
            }
          ],
          "suites": [],
          "passes": [
            "5a5fb79a-5200-4c92-8ab7-d61365d0ea5e"
          ],
          "failures": [],
          "pending": [],
          "skipped": [],
          "duration": 25732,
          "root": false,
          "rootEmpty": false,
          "_timeout": 2000
        }
      ],
      "passes": [],
      "failures": [],
      "pending": [],
      "skipped": [],
      "duration": 0,
      "root": true,
      "rootEmpty": true,
      "_timeout": 2000
    }
  ],
  "meta": {
    "mocha": {
      "version": "7.0.1"
    },
    "mochawesome": {
      "options": {
        "quiet": false,
        "reportFilename": "report",
        "saveHtml": true,
        "saveJson": true,
        "consoleReporter": "spec",
        "useInlineDiffs": false,
        "code": true
      },
      "version": "7.1.3"
    },
    "marge": {
      "options": {
        "reportDir": "cypress/reports",
        "reportFilename": "report",
        "overwrite": false,
        "html": true,
        "json": true,
        "charts": true
      },
      "version": "6.2.0"
    }
  }
}