{
  "stats": {
    "suites": 1,
    "tests": 1,
    "passes": 1,
    "pending": 0,
    "failures": 0,
    "start": "2023-04-10T10:22:16.104Z",
    "end": "2023-04-10T10:22:27.598Z",
    "duration": 11494,
    "testsRegistered": 1,
    "passPercent": 100,
    "pendingPercent": 0,
    "other": 0,
    "hasOther": false,
    "skipped": 0,
    "hasSkipped": false
  },
  "results": [
    {
      "uuid": "6eeef566-9b00-4f32-ae75-173f3d9205b0",
      "title": "",
      "fullFile": "cypress\\e2e\\com.sancak\\day05\\custom_method.cy.js",
      "file": "cypress\\e2e\\com.sancak\\day05\\custom_method.cy.js",
      "beforeHooks": [],
      "afterHooks": [],
      "tests": [],
      "suites": [
        {
          "uuid": "a7acfff9-f488-4a7a-90f7-a95a1de62b65",
          "title": "Custom Command",
          "fullFile": "",
          "file": "",
          "beforeHooks": [],
          "afterHooks": [],
          "tests": [
            {
              "title": "Negative Login ",
              "fullTitle": "Custom Command Negative Login ",
              "timedOut": null,
              "duration": 8127,
              "state": "passed",
              "speed": "medium",
              "pass": true,
              "fail": false,
              "pending": false,
              "context": null,
              "code": "cy.login(site, 'email@gmail.com', 'password');\ncy.wait(2000);\n// Test üç farklı şekilde Assert edildi. \ncy.contains('Authentication failed.').should('be.visible');\ncy.get('li').should('be.visible', 'Authentication failed.');\ncy.get('.page-heading').should('have.text', \"Authentication\");\ncy.url().should('include', 'authentication');\n// Ve hata sonucuna ait ekran görüntüsü alındı\ncy.screenshot();",
              "err": {},
              "uuid": "34a36a62-e515-4711-9805-d406675462b3",
              "parentUUID": "a7acfff9-f488-4a7a-90f7-a95a1de62b65",
              "isHook": false,
              "skipped": false
            }
          ],
          "suites": [],
          "passes": [
            "34a36a62-e515-4711-9805-d406675462b3"
          ],
          "failures": [],
          "pending": [],
          "skipped": [],
          "duration": 8127,
          "root": false,
          "rootEmpty": false,
          "_timeout": 2000
        }
      ],
      "passes": [],
      "failures": [],
      "pending": [],
      "skipped": [],
      "duration": 0,
      "root": true,
      "rootEmpty": true,
      "_timeout": 2000
    }
  ],
  "meta": {
    "mocha": {
      "version": "7.0.1"
    },
    "mochawesome": {
      "options": {
        "quiet": false,
        "reportFilename": "report",
        "saveHtml": true,
        "saveJson": true,
        "consoleReporter": "spec",
        "useInlineDiffs": false,
        "code": true
      },
      "version": "7.1.3"
    },
    "marge": {
      "options": {
        "reportDir": "cypress/reports",
        "reportFilename": "report",
        "overwrite": false,
        "html": true,
        "json": true,
        "charts": true
      },
      "version": "6.2.0"
    }
  }
}