{
  "stats": {
    "suites": 1,
    "tests": 1,
    "passes": 1,
    "pending": 0,
    "failures": 0,
    "start": "2023-04-10T10:20:45.728Z",
    "end": "2023-04-10T10:20:57.441Z",
    "duration": 11713,
    "testsRegistered": 1,
    "passPercent": 100,
    "pendingPercent": 0,
    "other": 0,
    "hasOther": false,
    "skipped": 0,
    "hasSkipped": false
  },
  "results": [
    {
      "uuid": "73ac2930-82bc-4185-ba61-f84f94b98779",
      "title": "",
      "fullFile": "cypress\\e2e\\com.sancak\\day03\\day03_hover_over.cy.js",
      "file": "cypress\\e2e\\com.sancak\\day03\\day03_hover_over.cy.js",
      "beforeHooks": [],
      "afterHooks": [],
      "tests": [],
      "suites": [
        {
          "uuid": "c2d58654-2c7a-436f-a1ae-07dc4719838f",
          "title": "Hover Over",
          "fullFile": "",
          "file": "",
          "beforeHooks": [],
          "afterHooks": [],
          "tests": [
            {
              "title": "Move Over",
              "fullTitle": "Hover Over Move Over",
              "timedOut": null,
              "duration": 8455,
              "state": "passed",
              "speed": "medium",
              "pass": true,
              "fail": false,
              "pending": false,
              "context": null,
              "code": "cy.visit('https://www.amazon.com/');\ncy.get('.icp-nav-link-inner > .nav-line-2 > .nav-icon').trigger('mouseover');\n// trigger('') mouse'u hareket ettirir.\n//cy.visit('https://www.amazon.com/customer-preferences/country?ref_=icp_lop_mop_chg_ais&preferencesReturnUrl=/')\n// Country/Region\ncy.contains('Change country/region').click();\n// SELECT CANADA \n/*\n    <option class=\"a-prompt\" value=\"\">United States</option>\n    Yukarıdaki locater bu tag içerisinde geçiyor.\n */\ncy.get('#icp-dropdown').select('Canada', {\n  force: true\n});",
              "err": {},
              "uuid": "31b1b225-b9a2-4592-b86a-bab8f8852cc7",
              "parentUUID": "c2d58654-2c7a-436f-a1ae-07dc4719838f",
              "isHook": false,
              "skipped": false
            }
          ],
          "suites": [],
          "passes": [
            "31b1b225-b9a2-4592-b86a-bab8f8852cc7"
          ],
          "failures": [],
          "pending": [],
          "skipped": [],
          "duration": 8455,
          "root": false,
          "rootEmpty": false,
          "_timeout": 2000
        }
      ],
      "passes": [],
      "failures": [],
      "pending": [],
      "skipped": [],
      "duration": 0,
      "root": true,
      "rootEmpty": true,
      "_timeout": 2000
    }
  ],
  "meta": {
    "mocha": {
      "version": "7.0.1"
    },
    "mochawesome": {
      "options": {
        "quiet": false,
        "reportFilename": "report",
        "saveHtml": true,
        "saveJson": true,
        "consoleReporter": "spec",
        "useInlineDiffs": false,
        "code": true
      },
      "version": "7.1.3"
    },
    "marge": {
      "options": {
        "reportDir": "cypress/reports",
        "reportFilename": "report",
        "overwrite": false,
        "html": true,
        "json": true,
        "charts": true
      },
      "version": "6.2.0"
    }
  }
}