{
  "stats": {
    "suites": 1,
    "tests": 1,
    "passes": 1,
    "pending": 0,
    "failures": 0,
    "start": "2023-04-10T10:19:41.570Z",
    "end": "2023-04-10T10:19:56.334Z",
    "duration": 14764,
    "testsRegistered": 1,
    "passPercent": 100,
    "pendingPercent": 0,
    "other": 0,
    "hasOther": false,
    "skipped": 0,
    "hasSkipped": false
  },
  "results": [
    {
      "uuid": "ccc31972-d477-4a9d-befe-5be236eb1aa1",
      "title": "",
      "fullFile": "cypress\\e2e\\com.sancak\\day01\\day01_login_test.cy.js",
      "file": "cypress\\e2e\\com.sancak\\day01\\day01_login_test.cy.js",
      "beforeHooks": [],
      "afterHooks": [],
      "tests": [],
      "suites": [
        {
          "uuid": "2613ba92-f3b0-4df7-ab36-b7d46bec8639",
          "title": "Case 2 : Koala Resort Hotels",
          "fullFile": "",
          "file": "",
          "beforeHooks": [],
          "afterHooks": [],
          "tests": [
            {
              "title": "Test 1 ",
              "fullTitle": "Case 2 : Koala Resort Hotels Test 1 ",
              "timedOut": null,
              "duration": 11101,
              "state": "passed",
              "speed": "slow",
              "pass": true,
              "fail": false,
              "pending": false,
              "context": null,
              "code": "cy.visit('https://qa-environment.koalaresorthotels.com/');\n//  1. yol Sayfadaki Locater ile Login için CSS kodlarını (#navLogon > .nav-link') bularak tıklama \n//  cy.get('#navLogon > .nav-link').click()\n//  2. yol Sayfadaki görünen yazıya (Log in) tıklama \ncy.contains('Log in').click();\n// username : manager\n// password : Manager1!\ncy.get('#UserName').type('Manager');\ncy.get('#Password').type('Manager1!');\ncy.get('#btnSubmit').click();",
              "err": {},
              "uuid": "a330949c-6014-4667-a86e-2ad44c36b34c",
              "parentUUID": "2613ba92-f3b0-4df7-ab36-b7d46bec8639",
              "isHook": false,
              "skipped": false
            }
          ],
          "suites": [],
          "passes": [
            "a330949c-6014-4667-a86e-2ad44c36b34c"
          ],
          "failures": [],
          "pending": [],
          "skipped": [],
          "duration": 11101,
          "root": false,
          "rootEmpty": false,
          "_timeout": 2000
        }
      ],
      "passes": [],
      "failures": [],
      "pending": [],
      "skipped": [],
      "duration": 0,
      "root": true,
      "rootEmpty": true,
      "_timeout": 2000
    }
  ],
  "meta": {
    "mocha": {
      "version": "7.0.1"
    },
    "mochawesome": {
      "options": {
        "quiet": false,
        "reportFilename": "report",
        "saveHtml": true,
        "saveJson": true,
        "consoleReporter": "spec",
        "useInlineDiffs": false,
        "code": true
      },
      "version": "7.1.3"
    },
    "marge": {
      "options": {
        "reportDir": "cypress/reports",
        "reportFilename": "report",
        "overwrite": false,
        "html": true,
        "json": true,
        "charts": true
      },
      "version": "6.2.0"
    }
  }
}