{
  "stats": {
    "suites": 1,
    "tests": 1,
    "passes": 1,
    "pending": 0,
    "failures": 0,
    "start": "2023-04-10T10:20:59.680Z",
    "end": "2023-04-10T10:21:14.926Z",
    "duration": 15246,
    "testsRegistered": 1,
    "passPercent": 100,
    "pendingPercent": 0,
    "other": 0,
    "hasOther": false,
    "skipped": 0,
    "hasSkipped": false
  },
  "results": [
    {
      "uuid": "779634f5-b024-4e4c-89d9-c9a2458dfdbb",
      "title": "",
      "fullFile": "cypress\\e2e\\com.sancak\\day03\\day03_scroll.cy.js",
      "file": "cypress\\e2e\\com.sancak\\day03\\day03_scroll.cy.js",
      "beforeHooks": [],
      "afterHooks": [],
      "tests": [],
      "suites": [
        {
          "uuid": "ee1b27ac-1506-45ae-af9a-a24cfb8ca47b",
          "title": "Scroll Testi",
          "fullFile": "",
          "file": "",
          "beforeHooks": [],
          "afterHooks": [],
          "tests": [
            {
              "title": "Scrool into view",
              "fullTitle": "Scroll Testi Scrool into view",
              "timedOut": null,
              "duration": 12565,
              "state": "passed",
              "speed": "slow",
              "pass": true,
              "fail": false,
              "pending": false,
              "context": null,
              "code": "cy.visit('https://qa-environment.koalaresorthotels.com/');\ncy.wait(3000);\ncy.get('body > :nth-child(6)').scrollIntoView();\ncy.wait(3000);\ncy.get(':nth-child(9) > .container > .justify-content-center').scrollIntoView();\ncy.wait(2000);\ncy.get('.container-fluid > .pb-5').scrollIntoView();\ncy.scrollTo('bottom');\ncy.wait(2000);\ncy.scrollTo('top');\ncy.scrollTo(0, 1000); // (X,Y) koordinatlarına göre sayfa hareket edecektir. \ncy.scrollTo(0, -900);",
              "err": {},
              "uuid": "764e734d-fe7c-425e-885a-6bcf3995fe11",
              "parentUUID": "ee1b27ac-1506-45ae-af9a-a24cfb8ca47b",
              "isHook": false,
              "skipped": false
            }
          ],
          "suites": [],
          "passes": [
            "764e734d-fe7c-425e-885a-6bcf3995fe11"
          ],
          "failures": [],
          "pending": [],
          "skipped": [],
          "duration": 12565,
          "root": false,
          "rootEmpty": false,
          "_timeout": 2000
        }
      ],
      "passes": [],
      "failures": [],
      "pending": [],
      "skipped": [],
      "duration": 0,
      "root": true,
      "rootEmpty": true,
      "_timeout": 2000
    }
  ],
  "meta": {
    "mocha": {
      "version": "7.0.1"
    },
    "mochawesome": {
      "options": {
        "quiet": false,
        "reportFilename": "report",
        "saveHtml": true,
        "saveJson": true,
        "consoleReporter": "spec",
        "useInlineDiffs": false,
        "code": true
      },
      "version": "7.1.3"
    },
    "marge": {
      "options": {
        "reportDir": "cypress/reports",
        "reportFilename": "report",
        "overwrite": false,
        "html": true,
        "json": true,
        "charts": true
      },
      "version": "6.2.0"
    }
  }
}