{
  "stats": {
    "suites": 1,
    "tests": 1,
    "passes": 1,
    "pending": 0,
    "failures": 0,
    "start": "2023-04-10T10:20:34.014Z",
    "end": "2023-04-10T10:20:43.843Z",
    "duration": 9829,
    "testsRegistered": 1,
    "passPercent": 100,
    "pendingPercent": 0,
    "other": 0,
    "hasOther": false,
    "skipped": 0,
    "hasSkipped": false
  },
  "results": [
    {
      "uuid": "3b7db423-c46f-4f28-938d-c521b7bd6242",
      "title": "",
      "fullFile": "cypress\\e2e\\com.sancak\\day03\\day03_checkbox.cy.js",
      "file": "cypress\\e2e\\com.sancak\\day03\\day03_checkbox.cy.js",
      "beforeHooks": [],
      "afterHooks": [],
      "tests": [],
      "suites": [
        {
          "uuid": "1d5428f5-1b98-47c2-8077-d4eec3eff31e",
          "title": "Checkbox",
          "fullFile": "",
          "file": "",
          "beforeHooks": [],
          "afterHooks": [],
          "tests": [
            {
              "title": "CheckBox Click",
              "fullTitle": "Checkbox CheckBox Click",
              "timedOut": null,
              "duration": 7061,
              "state": "passed",
              "speed": "medium",
              "pass": true,
              "fail": false,
              "pending": false,
              "context": null,
              "code": "cy.visit('http://automationpractice.pl/');\ncy.get('.sf-menu > :nth-child(1)').click();\ncy.get(\"input[type=checkbox\").click({\n  multiple: true\n});\n// ASSERT (Yapılan Testin Doğruluğunun Kontrolü)\n// 1\ncy.get(\"input[type=checkbox\").first().should('be.checked');\n// 2 \ncy.get(\"input[type=checkbox\").first().parent().should('have.class', \"checked\");\n// 3 should('have.id','username')\n// 4 should('have.type','text'\")\n// should('have.class','container')",
              "err": {},
              "uuid": "7ef0e911-5dbe-453a-b295-6722f847e6ac",
              "parentUUID": "1d5428f5-1b98-47c2-8077-d4eec3eff31e",
              "isHook": false,
              "skipped": false
            }
          ],
          "suites": [],
          "passes": [
            "7ef0e911-5dbe-453a-b295-6722f847e6ac"
          ],
          "failures": [],
          "pending": [],
          "skipped": [],
          "duration": 7061,
          "root": false,
          "rootEmpty": false,
          "_timeout": 2000
        }
      ],
      "passes": [],
      "failures": [],
      "pending": [],
      "skipped": [],
      "duration": 0,
      "root": true,
      "rootEmpty": true,
      "_timeout": 2000
    }
  ],
  "meta": {
    "mocha": {
      "version": "7.0.1"
    },
    "mochawesome": {
      "options": {
        "quiet": false,
        "reportFilename": "report",
        "saveHtml": true,
        "saveJson": true,
        "consoleReporter": "spec",
        "useInlineDiffs": false,
        "code": true
      },
      "version": "7.1.3"
    },
    "marge": {
      "options": {
        "reportDir": "cypress/reports",
        "reportFilename": "report",
        "overwrite": false,
        "html": true,
        "json": true,
        "charts": true
      },
      "version": "6.2.0"
    }
  }
}