{
  "stats": {
    "suites": 1,
    "tests": 1,
    "passes": 1,
    "pending": 0,
    "failures": 0,
    "start": "2023-04-10T10:22:49.421Z",
    "end": "2023-04-10T10:22:55.858Z",
    "duration": 6437,
    "testsRegistered": 1,
    "passPercent": 100,
    "pendingPercent": 0,
    "other": 0,
    "hasOther": false,
    "skipped": 0,
    "hasSkipped": false
  },
  "results": [
    {
      "uuid": "fe87df66-a893-4485-ab9f-ea00e7e760af",
      "title": "",
      "fullFile": "cypress\\e2e\\com.sancak\\day06\\viewport.cy.js",
      "file": "cypress\\e2e\\com.sancak\\day06\\viewport.cy.js",
      "beforeHooks": [],
      "afterHooks": [],
      "tests": [],
      "suites": [
        {
          "uuid": "d833ff1a-cbbd-40c1-88ed-30db6ef35071",
          "title": "Viewports",
          "fullFile": "",
          "file": "",
          "beforeHooks": [],
          "afterHooks": [],
          "tests": [
            {
              "title": "Custom ",
              "fullTitle": "Viewports Custom ",
              "timedOut": null,
              "duration": 3313,
              "state": "passed",
              "speed": "fast",
              "pass": true,
              "fail": false,
              "pending": false,
              "context": null,
              "code": "cy.visit('https://www.amazon.com');\ncy.viewport(550, 750);",
              "err": {},
              "uuid": "3df7e2f6-45e0-4e55-a0a0-f4cace0ec359",
              "parentUUID": "d833ff1a-cbbd-40c1-88ed-30db6ef35071",
              "isHook": false,
              "skipped": false
            }
          ],
          "suites": [],
          "passes": [
            "3df7e2f6-45e0-4e55-a0a0-f4cace0ec359"
          ],
          "failures": [],
          "pending": [],
          "skipped": [],
          "duration": 3313,
          "root": false,
          "rootEmpty": false,
          "_timeout": 2000
        }
      ],
      "passes": [],
      "failures": [],
      "pending": [],
      "skipped": [],
      "duration": 0,
      "root": true,
      "rootEmpty": true,
      "_timeout": 2000
    }
  ],
  "meta": {
    "mocha": {
      "version": "7.0.1"
    },
    "mochawesome": {
      "options": {
        "quiet": false,
        "reportFilename": "report",
        "saveHtml": true,
        "saveJson": true,
        "consoleReporter": "spec",
        "useInlineDiffs": false,
        "code": true
      },
      "version": "7.1.3"
    },
    "marge": {
      "options": {
        "reportDir": "cypress/reports",
        "reportFilename": "report",
        "overwrite": false,
        "html": true,
        "json": true,
        "charts": true
      },
      "version": "6.2.0"
    }
  }
}