{
  "stats": {
    "suites": 1,
    "tests": 2,
    "passes": 2,
    "pending": 0,
    "failures": 0,
    "start": "2023-04-10T10:19:34.300Z",
    "end": "2023-04-10T10:19:39.566Z",
    "duration": 5266,
    "testsRegistered": 2,
    "passPercent": 100,
    "pendingPercent": 0,
    "other": 0,
    "hasOther": false,
    "skipped": 0,
    "hasSkipped": false
  },
  "results": [
    {
      "uuid": "3529d6b6-6e40-474f-8cf8-65021762f8f7",
      "title": "",
      "fullFile": "cypress\\e2e\\com.sancak\\day01\\day01_firstTest.cy.js",
      "file": "cypress\\e2e\\com.sancak\\day01\\day01_firstTest.cy.js",
      "beforeHooks": [],
      "afterHooks": [],
      "tests": [],
      "suites": [
        {
          "uuid": "d78cdeaa-6329-4e1e-a97c-a104641071d1",
          "title": "My First Test",
          "fullFile": "",
          "file": "",
          "beforeHooks": [],
          "afterHooks": [],
          "tests": [
            {
              "title": "Case 1 : URL testi",
              "fullTitle": "My First Test Case 1 : URL testi",
              "timedOut": null,
              "duration": 1654,
              "state": "passed",
              "speed": "fast",
              "pass": true,
              "fail": false,
              "pending": false,
              "context": null,
              "code": "// testi tanımlıyoruz @Test gibi düşünülebilir.\n// it('testin ismi',test  için oluşturulacak fonksyionlar () => {})\n// 1. test: URL adresinde google var mı? \ncy.visit('https://www.google.com');\ncy.url().should('include', 'google');",
              "err": {},
              "uuid": "12167dd9-2655-4e4c-9e06-49cd90dcc5b6",
              "parentUUID": "d78cdeaa-6329-4e1e-a97c-a104641071d1",
              "isHook": false,
              "skipped": false
            },
            {
              "title": "Title Testi",
              "fullTitle": "My First Test Title Testi",
              "timedOut": null,
              "duration": 1012,
              "state": "passed",
              "speed": "fast",
              "pass": true,
              "fail": false,
              "pending": false,
              "context": null,
              "code": "cy.visit('https://www.google.com');\ncy.title().should('eq', 'Google');",
              "err": {},
              "uuid": "2b5d66f8-141a-4141-b670-7d65eb942dfb",
              "parentUUID": "d78cdeaa-6329-4e1e-a97c-a104641071d1",
              "isHook": false,
              "skipped": false
            }
          ],
          "suites": [],
          "passes": [
            "12167dd9-2655-4e4c-9e06-49cd90dcc5b6",
            "2b5d66f8-141a-4141-b670-7d65eb942dfb"
          ],
          "failures": [],
          "pending": [],
          "skipped": [],
          "duration": 2666,
          "root": false,
          "rootEmpty": false,
          "_timeout": 2000
        }
      ],
      "passes": [],
      "failures": [],
      "pending": [],
      "skipped": [],
      "duration": 0,
      "root": true,
      "rootEmpty": true,
      "_timeout": 2000
    }
  ],
  "meta": {
    "mocha": {
      "version": "7.0.1"
    },
    "mochawesome": {
      "options": {
        "quiet": false,
        "reportFilename": "report",
        "saveHtml": true,
        "saveJson": true,
        "consoleReporter": "spec",
        "useInlineDiffs": false,
        "code": true
      },
      "version": "7.1.3"
    },
    "marge": {
      "options": {
        "reportDir": "cypress/reports",
        "reportFilename": "report",
        "overwrite": false,
        "html": true,
        "json": true,
        "charts": true
      },
      "version": "6.2.0"
    }
  }
}